<?xml version="1.0" encoding="UTF-8"?>
<testng-results ignored="0" total="1" passed="0" failed="0" skipped="1">
  <reporter-output>
  </reporter-output>
  <suite started-at="2023-08-15T04:10:46Z" name="Default suite" finished-at="2023-08-15T04:10:47Z" duration-ms="293">
    <groups>
    </groups>
    <test started-at="2023-08-15T04:10:46Z" name="Default test" finished-at="2023-08-15T04:10:47Z" duration-ms="293">
      <class name="com.SC.QA.NewUserRegistration.TestCases.RegisterNewUserTest">
        <test-method is-config="true" signature="setExtent()[pri:0, instance:com.SC.QA.NewUserRegistration.TestCases.RegisterNewUserTest@5ef5c734]" started-at="2023-08-15T10:10:46Z" name="setExtent" finished-at="2023-08-15T10:10:47Z" duration-ms="211" status="PASS">
          <reporter-output>
          </reporter-output>
        </test-method> <!-- setExtent -->
        <test-method signature="NewUserRegistartionTest(java.lang.String, java.lang.String, java.lang.String, java.lang.String, java.lang.String, java.lang.String, java.lang.String, java.lang.String, java.lang.String, java.lang.String, java.lang.String, java.lang.String, java.lang.String, java.lang.String, java.lang.String, java.lang.String, java.lang.String, java.lang.String)[pri:1, instance:com.SC.QA.NewUserRegistration.TestCases.RegisterNewUserTest@5ef5c734]" started-at="2023-08-15T10:10:47Z" name="NewUserRegistartionTest" data-provider="RegisterNewUserTestData" finished-at="2023-08-15T10:10:47Z" duration-ms="0" status="SKIP">
          <exception class="java.lang.RuntimeException">
            <message>
              <![CDATA[java.lang.NullPointerException: Cannot invoke "java.io.InputStream.markSupported()" because "inp" is null]]>
            </message>
            <full-stacktrace>
              <![CDATA[java.lang.RuntimeException: java.lang.NullPointerException: Cannot invoke "java.io.InputStream.markSupported()" because "inp" is null
	at org.testng.internal.MethodInvocationHelper.invokeMethodNoCheckedException(MethodInvocationHelper.java:49)
	at org.testng.internal.MethodInvocationHelper.invokeDataProvider(MethodInvocationHelper.java:111)
	at org.testng.internal.Parameters.handleParameters(Parameters.java:509)
	at org.testng.internal.Invoker.handleParameters(Invoker.java:1293)
	at org.testng.internal.Invoker.createParameters(Invoker.java:1020)
	at org.testng.internal.Invoker.invokeTestMethods(Invoker.java:1110)
	at org.testng.internal.TestMethodWorker.invokeTestMethods(TestMethodWorker.java:129)
	at org.testng.internal.TestMethodWorker.run(TestMethodWorker.java:112)
	at org.testng.TestRunner.privateRun(TestRunner.java:756)
	at org.testng.TestRunner.run(TestRunner.java:610)
	at org.testng.SuiteRunner.runTest(SuiteRunner.java:387)
	at org.testng.SuiteRunner.runSequentially(SuiteRunner.java:382)
	at org.testng.SuiteRunner.privateRun(SuiteRunner.java:340)
	at org.testng.SuiteRunner.run(SuiteRunner.java:289)
	at org.testng.SuiteRunnerWorker.runSuite(SuiteRunnerWorker.java:52)
	at org.testng.SuiteRunnerWorker.run(SuiteRunnerWorker.java:86)
	at org.testng.TestNG.runSuitesSequentially(TestNG.java:1293)
	at org.testng.TestNG.runSuitesLocally(TestNG.java:1218)
	at org.testng.TestNG.runSuites(TestNG.java:1133)
	at org.testng.TestNG.run(TestNG.java:1104)
	at org.testng.remote.AbstractRemoteTestNG.run(AbstractRemoteTestNG.java:115)
	at org.testng.remote.RemoteTestNG.initAndRun(RemoteTestNG.java:251)
	at org.testng.remote.RemoteTestNG.main(RemoteTestNG.java:77)
Caused by: java.lang.NullPointerException: Cannot invoke "java.io.InputStream.markSupported()" because "inp" is null
	at org.apache.poi.ss.usermodel.WorkbookFactory.create(WorkbookFactory.java:71)
	at com.SC.QA.Util.TestUtil.getTestData(TestUtil.java:73)
	at com.SC.QA.NewUserRegistration.TestCases.RegisterNewUserTest.RegisterNewUserTestData(RegisterNewUserTest.java:94)
	at java.base/jdk.internal.reflect.NativeMethodAccessorImpl.invoke0(Native Method)
	at java.base/jdk.internal.reflect.NativeMethodAccessorImpl.invoke(NativeMethodAccessorImpl.java:77)
	at java.base/jdk.internal.reflect.DelegatingMethodAccessorImpl.invoke(DelegatingMethodAccessorImpl.java:43)
	at java.base/java.lang.reflect.Method.invoke(Method.java:568)
	at org.testng.internal.MethodInvocationHelper.invokeMethod(MethodInvocationHelper.java:104)
	at org.testng.internal.MethodInvocationHelper.invokeMethod(MethodInvocationHelper.java:55)
	at org.testng.internal.MethodInvocationHelper.invokeMethodNoCheckedException(MethodInvocationHelper.java:45)
	... 22 more
]]>
            </full-stacktrace>
          </exception> <!-- java.lang.RuntimeException -->
          <reporter-output>
          </reporter-output>
        </test-method> <!-- NewUserRegistartionTest -->
        <test-method is-config="true" signature="endReport()[pri:0, instance:com.SC.QA.NewUserRegistration.TestCases.RegisterNewUserTest@5ef5c734]" started-at="2023-08-15T10:10:47Z" name="endReport" finished-at="2023-08-15T10:10:47Z" duration-ms="74" status="PASS">
          <reporter-output>
          </reporter-output>
        </test-method> <!-- endReport -->
      </class> <!-- com.SC.QA.NewUserRegistration.TestCases.RegisterNewUserTest -->
    </test> <!-- Default test -->
  </suite> <!-- Default suite -->
</testng-results>
